2024-09-12 23:23:11 INFO  c.tinkoff_lab.TinkoffLabApplication - Application has started working
2024-09-12 23:23:11 INFO  c.tinkoff_lab.TinkoffLabApplication - Starting TinkoffLabApplication using Java 21.0.1 with PID 3464 (C:\Users\Nikita\IdeaProjects\pet-project\target\classes started by Nikita in C:\Users\Nikita\IdeaProjects\pet-project)
2024-09-12 23:23:11 INFO  c.tinkoff_lab.TinkoffLabApplication - No active profile set, falling back to 1 default profile: "default"
2024-09-12 23:24:04 INFO  c.tinkoff_lab.TinkoffLabApplication - Application has started working
2024-09-12 23:24:04 INFO  c.tinkoff_lab.TinkoffLabApplication - Starting TinkoffLabApplication using Java 21.0.1 with PID 13780 (C:\Users\Nikita\IdeaProjects\pet-project\target\classes started by Nikita in C:\Users\Nikita\IdeaProjects\pet-project)
2024-09-12 23:24:04 INFO  c.tinkoff_lab.TinkoffLabApplication - No active profile set, falling back to 1 default profile: "default"
2024-09-12 23:35:33 INFO  c.tinkoff_lab.TinkoffLabApplication - Application has started working
2024-09-12 23:35:34 INFO  c.tinkoff_lab.TinkoffLabApplication - Starting TinkoffLabApplication using Java 21.0.1 with PID 14716 (C:\Users\Nikita\IdeaProjects\pet-project\target\classes started by Nikita in C:\Users\Nikita\IdeaProjects\pet-project)
2024-09-12 23:35:34 INFO  c.tinkoff_lab.TinkoffLabApplication - No active profile set, falling back to 1 default profile: "default"
2024-09-12 23:40:19 INFO  c.tinkoff_lab.TinkoffLabApplication - Application has started working
2024-09-12 23:40:19 INFO  c.tinkoff_lab.TinkoffLabApplication - Starting TinkoffLabApplication using Java 21.0.1 with PID 5504 (C:\Users\Nikita\IdeaProjects\pet-project\target\classes started by Nikita in C:\Users\Nikita\IdeaProjects\pet-project)
2024-09-12 23:40:19 INFO  c.tinkoff_lab.TinkoffLabApplication - No active profile set, falling back to 1 default profile: "default"
2024-09-12 23:40:25 INFO  c.tinkoff_lab.TinkoffLabApplication - Started TinkoffLabApplication in 6.096 seconds (process running for 7.075)
2024-09-12 23:40:28 INFO  c.tinkoff_lab.TinkoffLabApplication - Application has terminated working

2024-09-12 23:43:07 INFO  c.tinkoff_lab.TinkoffLabApplication - Application has started working
2024-09-12 23:43:07 INFO  c.tinkoff_lab.TinkoffLabApplication - Starting TinkoffLabApplication using Java 21.0.1 with PID 9160 (C:\Users\Nikita\IdeaProjects\pet-project\target\classes started by Nikita in C:\Users\Nikita\IdeaProjects\pet-project)
2024-09-12 23:43:07 INFO  c.tinkoff_lab.TinkoffLabApplication - No active profile set, falling back to 1 default profile: "default"
2024-09-12 23:43:13 INFO  c.tinkoff_lab.TinkoffLabApplication - Started TinkoffLabApplication in 6.073 seconds (process running for 7.074)
2024-09-12 23:43:34 INFO  c.tinkoff_lab.TinkoffLabApplication - Application has terminated working

2024-09-12 23:43:42 INFO  c.tinkoff_lab.TinkoffLabApplication - Application has started working
2024-09-12 23:43:43 INFO  c.tinkoff_lab.TinkoffLabApplication - Starting TinkoffLabApplication using Java 21.0.1 with PID 2540 (C:\Users\Nikita\IdeaProjects\pet-project\target\classes started by Nikita in C:\Users\Nikita\IdeaProjects\pet-project)
2024-09-12 23:43:43 INFO  c.tinkoff_lab.TinkoffLabApplication - No active profile set, falling back to 1 default profile: "default"
2024-09-12 23:59:39 INFO  c.tinkoff_lab.TinkoffLabApplication - Application has started working
2024-09-12 23:59:40 INFO  c.tinkoff_lab.TinkoffLabApplication - Starting TinkoffLabApplication using Java 21.0.1 with PID 360 (C:\Users\Nikita\IdeaProjects\pet-project\target\classes started by Nikita in C:\Users\Nikita\IdeaProjects\pet-project)
2024-09-12 23:59:40 INFO  c.tinkoff_lab.TinkoffLabApplication - No active profile set, falling back to 1 default profile: "default"
2024-09-12 23:59:46 INFO  c.tinkoff_lab.TinkoffLabApplication - Started TinkoffLabApplication in 6.383 seconds (process running for 7.414)
