2024-08-31 03:57:35 INFO  com.tinkoff_lab.dao.hibernate.UserDAO - Start inserting entity: com.tinkoff_lab.entity.User@2a4a95c4
2024-08-31 03:57:35 INFO  com.tinkoff_lab.dao.hibernate.UserDAO - Inserting of entity com.tinkoff_lab.entity.User@2a4a95c4 ended successfully
2024-08-31 03:59:21 INFO  c.tinkoff_lab.TinkoffLabApplication - Application has started working
2024-08-31 03:59:21 INFO  c.tinkoff_lab.TinkoffLabApplication - Starting TinkoffLabApplication using Java 21.0.1 with PID 17012 (C:\Users\Nikita\IdeaProjects\pet-project\target\classes started by Nikita in C:\Users\Nikita\IdeaProjects\pet-project)
2024-08-31 03:59:21 INFO  c.tinkoff_lab.TinkoffLabApplication - No active profile set, falling back to 1 default profile: "default"
2024-08-31 03:59:26 INFO  c.tinkoff_lab.TinkoffLabApplication - Started TinkoffLabApplication in 5.208 seconds (process running for 6.055)
2024-08-31 04:03:09 INFO  c.tinkoff_lab.TinkoffLabApplication - Application has terminated working

2024-08-31 04:03:18 INFO  c.tinkoff_lab.TinkoffLabApplication - Application has started working
2024-08-31 04:03:19 INFO  c.tinkoff_lab.TinkoffLabApplication - Starting TinkoffLabApplication using Java 21.0.1 with PID 2024 (C:\Users\Nikita\IdeaProjects\pet-project\target\classes started by Nikita in C:\Users\Nikita\IdeaProjects\pet-project)
2024-08-31 04:03:19 INFO  c.tinkoff_lab.TinkoffLabApplication - No active profile set, falling back to 1 default profile: "default"
2024-08-31 04:03:24 INFO  c.tinkoff_lab.TinkoffLabApplication - Started TinkoffLabApplication in 5.762 seconds (process running for 6.628)
2024-08-31 04:04:27 INFO  c.tinkoff_lab.TinkoffLabApplication - Application has terminated working

2024-08-31 04:04:30 INFO  c.tinkoff_lab.TinkoffLabApplication - Application has started working
2024-08-31 04:04:31 INFO  c.tinkoff_lab.TinkoffLabApplication - Starting TinkoffLabApplication using Java 21.0.1 with PID 5464 (C:\Users\Nikita\IdeaProjects\pet-project\target\classes started by Nikita in C:\Users\Nikita\IdeaProjects\pet-project)
2024-08-31 04:04:31 INFO  c.tinkoff_lab.TinkoffLabApplication - No active profile set, falling back to 1 default profile: "default"
2024-08-31 04:04:35 INFO  c.tinkoff_lab.TinkoffLabApplication - Started TinkoffLabApplication in 4.816 seconds (process running for 5.608)
2024-08-31 04:11:35 INFO  c.tinkoff_lab.TinkoffLabApplication - Application has terminated working

2024-08-31 04:11:44 INFO  c.tinkoff_lab.TinkoffLabApplication - Application has started working
2024-08-31 04:11:44 INFO  c.tinkoff_lab.TinkoffLabApplication - Starting TinkoffLabApplication using Java 21.0.1 with PID 10632 (C:\Users\Nikita\IdeaProjects\pet-project\target\classes started by Nikita in C:\Users\Nikita\IdeaProjects\pet-project)
2024-08-31 04:11:44 INFO  c.tinkoff_lab.TinkoffLabApplication - No active profile set, falling back to 1 default profile: "default"
2024-08-31 04:11:49 INFO  c.tinkoff_lab.TinkoffLabApplication - Started TinkoffLabApplication in 5.132 seconds (process running for 5.937)
2024-08-31 04:16:13 INFO  c.tinkoff_lab.TinkoffLabApplication - Application has terminated working

2024-08-31 04:16:28 INFO  c.tinkoff_lab.TinkoffLabApplication - Application has started working
2024-08-31 04:16:28 INFO  c.tinkoff_lab.TinkoffLabApplication - Starting TinkoffLabApplication using Java 21.0.1 with PID 7104 (C:\Users\Nikita\IdeaProjects\pet-project\target\classes started by Nikita in C:\Users\Nikita\IdeaProjects\pet-project)
2024-08-31 04:16:28 INFO  c.tinkoff_lab.TinkoffLabApplication - No active profile set, falling back to 1 default profile: "default"
2024-08-31 04:16:33 INFO  c.tinkoff_lab.TinkoffLabApplication - Started TinkoffLabApplication in 5.535 seconds (process running for 6.384)
2024-08-31 04:18:49 INFO  c.tinkoff_lab.TinkoffLabApplication - Application has terminated working

2024-08-31 04:18:54 INFO  c.tinkoff_lab.TinkoffLabApplication - Application has started working
2024-08-31 04:18:55 INFO  c.tinkoff_lab.TinkoffLabApplication - Starting TinkoffLabApplication using Java 21.0.1 with PID 5940 (C:\Users\Nikita\IdeaProjects\pet-project\target\classes started by Nikita in C:\Users\Nikita\IdeaProjects\pet-project)
2024-08-31 04:18:55 INFO  c.tinkoff_lab.TinkoffLabApplication - No active profile set, falling back to 1 default profile: "default"
2024-08-31 04:18:59 INFO  c.tinkoff_lab.TinkoffLabApplication - Started TinkoffLabApplication in 5.269 seconds (process running for 6.082)
2024-08-31 04:21:52 INFO  c.tinkoff_lab.TinkoffLabApplication - Application has terminated working

2024-08-31 04:21:57 INFO  c.tinkoff_lab.TinkoffLabApplication - Application has started working
2024-08-31 04:21:58 INFO  c.tinkoff_lab.TinkoffLabApplication - Starting TinkoffLabApplication using Java 21.0.1 with PID 10412 (C:\Users\Nikita\IdeaProjects\pet-project\target\classes started by Nikita in C:\Users\Nikita\IdeaProjects\pet-project)
2024-08-31 04:21:58 INFO  c.tinkoff_lab.TinkoffLabApplication - No active profile set, falling back to 1 default profile: "default"
2024-08-31 04:22:02 INFO  c.tinkoff_lab.TinkoffLabApplication - Started TinkoffLabApplication in 5.07 seconds (process running for 5.824)
2024-08-31 04:27:40 INFO  c.tinkoff_lab.TinkoffLabApplication - Application has terminated working

2024-08-31 04:28:22 INFO  com.tinkoff_lab.dao.hibernate.UserDAO - Start inserting entity: com.tinkoff_lab.entity.User@5add0cc0
2024-08-31 04:28:22 INFO  com.tinkoff_lab.dao.hibernate.UserDAO - Inserting of entity com.tinkoff_lab.entity.User@5add0cc0 ended successfully
2024-08-31 04:32:41 INFO  com.tinkoff_lab.dao.hibernate.UserDAO - Start inserting entity: com.tinkoff_lab.entity.User@71979130
2024-08-31 04:32:41 INFO  com.tinkoff_lab.dao.hibernate.UserDAO - Inserting of entity com.tinkoff_lab.entity.User@71979130 ended successfully
2024-08-31 04:33:55 INFO  c.tinkoff_lab.TinkoffLabApplication - Application has started working
2024-08-31 04:33:56 INFO  c.tinkoff_lab.TinkoffLabApplication - Starting TinkoffLabApplication using Java 21.0.1 with PID 6904 (C:\Users\Nikita\IdeaProjects\pet-project\target\classes started by Nikita in C:\Users\Nikita\IdeaProjects\pet-project)
2024-08-31 04:33:56 INFO  c.tinkoff_lab.TinkoffLabApplication - No active profile set, falling back to 1 default profile: "default"
2024-08-31 04:34:01 INFO  c.tinkoff_lab.TinkoffLabApplication - Started TinkoffLabApplication in 5.263 seconds (process running for 6.258)
2024-08-31 04:34:40 INFO  c.tinkoff_lab.TinkoffLabApplication - Application has terminated working

2024-08-31 04:35:14 INFO  com.tinkoff_lab.dao.hibernate.UserDAO - Start inserting entity: com.tinkoff_lab.entity.User@de2fce54
2024-08-31 04:35:14 INFO  com.tinkoff_lab.dao.hibernate.UserDAO - Inserting of entity com.tinkoff_lab.entity.User@de2fce54 ended successfully
2024-08-31 04:36:03 INFO  com.tinkoff_lab.dao.hibernate.UserDAO - Start inserting entity: com.tinkoff_lab.entity.User@de2fce54
2024-08-31 04:36:03 INFO  com.tinkoff_lab.dao.hibernate.UserDAO - Inserting of entity com.tinkoff_lab.entity.User@de2fce54 ended successfully
2024-08-31 04:40:58 INFO  com.tinkoff_lab.dao.hibernate.UserDAO - Start inserting entity: com.tinkoff_lab.entity.User@de2fce54
2024-08-31 04:40:58 INFO  com.tinkoff_lab.dao.hibernate.UserDAO - Inserting of entity com.tinkoff_lab.entity.User@de2fce54 ended successfully
2024-08-31 04:41:58 INFO  com.tinkoff_lab.dao.hibernate.UserDAO - Start inserting entity: com.tinkoff_lab.entity.User@de2fce54
2024-08-31 04:41:58 INFO  com.tinkoff_lab.dao.hibernate.UserDAO - Inserting of entity com.tinkoff_lab.entity.User@de2fce54 ended successfully
2024-08-31 04:44:31 INFO  com.tinkoff_lab.dao.hibernate.UserDAO - Start inserting entity: com.tinkoff_lab.entity.User@de2fce54
2024-08-31 04:44:31 INFO  com.tinkoff_lab.dao.hibernate.UserDAO - Inserting of entity com.tinkoff_lab.entity.User@de2fce54 ended successfully
2024-08-31 04:47:01 INFO  com.tinkoff_lab.dao.hibernate.UserDAO - Start inserting entity: com.tinkoff_lab.entity.User@de2fce54
2024-08-31 04:47:01 INFO  com.tinkoff_lab.dao.hibernate.UserDAO - Inserting of entity com.tinkoff_lab.entity.User@de2fce54 ended successfully
2024-08-31 05:19:00 INFO  com.tinkoff_lab.dao.hibernate.UserDAO - Start inserting entity: com.tinkoff_lab.entity.User@de2fce54
2024-08-31 05:19:00 INFO  com.tinkoff_lab.dao.hibernate.UserDAO - Inserting of entity com.tinkoff_lab.entity.User@de2fce54 ended successfully
2024-08-31 05:21:28 INFO  com.tinkoff_lab.dao.hibernate.UserDAO - Start inserting entity: com.tinkoff_lab.entity.User@de2fce54
2024-08-31 05:21:28 INFO  com.tinkoff_lab.dao.hibernate.UserDAO - Inserting of entity com.tinkoff_lab.entity.User@de2fce54 ended successfully
2024-08-31 05:35:19 INFO  com.tinkoff_lab.dao.hibernate.UserDAO - Start inserting entity: com.tinkoff_lab.entity.User@de2fce54
2024-08-31 05:35:19 INFO  com.tinkoff_lab.dao.hibernate.UserDAO - Inserting of entity com.tinkoff_lab.entity.User@de2fce54 ended successfully
2024-08-31 05:43:42 INFO  com.tinkoff_lab.dao.hibernate.UserDAO - Start inserting entity: com.tinkoff_lab.entity.User@de2fce54
2024-08-31 05:43:42 INFO  com.tinkoff_lab.dao.hibernate.UserDAO - Inserting of entity com.tinkoff_lab.entity.User@de2fce54 ended successfully
2024-08-31 05:59:10 INFO  com.tinkoff_lab.dao.hibernate.UserDAO - Start inserting entity: com.tinkoff_lab.entity.User@de2fce54
2024-08-31 05:59:10 INFO  com.tinkoff_lab.dao.hibernate.UserDAO - Inserting of entity com.tinkoff_lab.entity.User@de2fce54 ended successfully
2024-08-31 06:02:28 INFO  com.tinkoff_lab.dao.hibernate.UserDAO - Start inserting entity: com.tinkoff_lab.entity.User@de2fce54
2024-08-31 06:02:28 INFO  com.tinkoff_lab.dao.hibernate.UserDAO - Inserting of entity com.tinkoff_lab.entity.User@de2fce54 ended successfully
