2024-09-10 00:03:48 INFO  c.tinkoff_lab.TinkoffLabApplication - Application has started working
2024-09-10 00:03:49 INFO  c.tinkoff_lab.TinkoffLabApplication - Starting TinkoffLabApplication using Java 21.0.1 with PID 16028 (C:\Users\Nikita\IdeaProjects\pet-project\target\classes started by Nikita in C:\Users\Nikita\IdeaProjects\pet-project)
2024-09-10 00:03:49 INFO  c.tinkoff_lab.TinkoffLabApplication - No active profile set, falling back to 1 default profile: "default"
2024-09-10 00:04:25 INFO  c.tinkoff_lab.TinkoffLabApplication - Started TinkoffLabApplication in 36.954 seconds (process running for 38.52)
2024-09-10 00:04:25 INFO  c.tinkoff_lab.TinkoffLabApplication - Application has terminated working

2024-09-10 00:05:03 INFO  c.tinkoff_lab.TinkoffLabApplication - Application has started working
2024-09-10 00:05:03 INFO  c.tinkoff_lab.TinkoffLabApplication - Starting TinkoffLabApplication using Java 21.0.1 with PID 6824 (C:\Users\Nikita\IdeaProjects\pet-project\target\classes started by Nikita in C:\Users\Nikita\IdeaProjects\pet-project)
2024-09-10 00:05:03 INFO  c.tinkoff_lab.TinkoffLabApplication - No active profile set, falling back to 1 default profile: "default"
2024-09-10 00:05:21 INFO  c.tinkoff_lab.TinkoffLabApplication - Started TinkoffLabApplication in 18.442 seconds (process running for 19.707)
2024-09-10 00:05:28 INFO  c.t.s.weather.WeatherServiceImpl - Start adding user with email kilogodk@mail.ru and cities [CityDTO[city=Minsk, country=Belarus], CityDTO[city=Vitebsk, country=Belarus]] to database
2024-09-10 00:05:28 INFO  com.tinkoff_lab.dao.UserDAO - Start finding entity with id kilogodk@mail.ru
2024-09-10 00:05:28 INFO  com.tinkoff_lab.dao.UserDAO - Finding of entity with id kilogodk@mail.ru ended successfully
2024-09-10 00:05:29 INFO  com.tinkoff_lab.dao.UserDAO - Start inserting entity: com.tinkoff_lab.entity.User@db448fc2
2024-09-10 00:05:29 INFO  com.tinkoff_lab.dao.UserDAO - Inserting of entity com.tinkoff_lab.entity.User@db448fc2 ended successfully
2024-09-10 00:06:55 INFO  c.t.utils.CoordinatesDefiner - Start coordinate definition for city Minsk, country Belarus
2024-09-10 00:06:55 INFO  c.tinkoff_lab.utils.CountryCodeUtils - Start country code definition for country: Belarus
2024-09-10 00:06:55 INFO  c.tinkoff_lab.utils.CountryCodeUtils - Country code definition for country Belarus ended successfully
2024-09-10 00:06:55 INFO  c.tinkoff_lab.TinkoffLabApplication - Application has terminated working

2024-09-10 00:07:42 INFO  c.tinkoff_lab.TinkoffLabApplication - Application has started working
2024-09-10 00:07:43 INFO  c.tinkoff_lab.TinkoffLabApplication - Starting TinkoffLabApplication using Java 21.0.1 with PID 25176 (C:\Users\Nikita\IdeaProjects\pet-project\target\classes started by Nikita in C:\Users\Nikita\IdeaProjects\pet-project)
2024-09-10 00:07:43 INFO  c.tinkoff_lab.TinkoffLabApplication - No active profile set, falling back to 1 default profile: "default"
2024-09-10 00:07:50 INFO  c.tinkoff_lab.TinkoffLabApplication - Started TinkoffLabApplication in 7.57 seconds (process running for 8.923)
2024-09-10 00:08:18 INFO  c.t.s.weather.WeatherServiceImpl - Start adding user with email kilogodk@mail.ru and cities [CityDTO[city=Minsk, country=Belarus], CityDTO[city=Vitebsk, country=Belarus]] to database
2024-09-10 00:08:18 INFO  com.tinkoff_lab.dao.UserDAO - Start finding entity with id kilogodk@mail.ru
2024-09-10 00:08:18 INFO  com.tinkoff_lab.dao.UserDAO - Finding of entity with id kilogodk@mail.ru ended successfully
2024-09-10 00:08:19 INFO  com.tinkoff_lab.dao.UserDAO - Start inserting entity: com.tinkoff_lab.entity.User@db448fc2
2024-09-10 00:08:19 INFO  com.tinkoff_lab.dao.UserDAO - Inserting of entity com.tinkoff_lab.entity.User@db448fc2 ended successfully
2024-09-10 00:48:06 INFO  c.t.utils.CoordinatesDefiner - Start coordinate definition for city Minsk, country Belarus
2024-09-10 00:48:06 INFO  c.tinkoff_lab.utils.CountryCodeUtils - Start country code definition for country: Belarus
2024-09-10 00:48:06 INFO  c.tinkoff_lab.TinkoffLabApplication - Application has terminated working

2024-09-10 00:48:06 INFO  c.tinkoff_lab.utils.CountryCodeUtils - Country code definition for country Belarus ended successfully
2024-09-10 00:48:35 INFO  c.tinkoff_lab.TinkoffLabApplication - Application has started working
2024-09-10 00:48:36 INFO  c.tinkoff_lab.TinkoffLabApplication - Starting TinkoffLabApplication using Java 21.0.1 with PID 7144 (C:\Users\Nikita\IdeaProjects\pet-project\target\classes started by Nikita in C:\Users\Nikita\IdeaProjects\pet-project)
2024-09-10 00:48:36 INFO  c.tinkoff_lab.TinkoffLabApplication - No active profile set, falling back to 1 default profile: "default"
2024-09-10 00:48:42 INFO  c.tinkoff_lab.TinkoffLabApplication - Started TinkoffLabApplication in 6.66 seconds (process running for 7.818)
2024-09-10 00:48:53 INFO  c.t.s.weather.WeatherServiceImpl - Start deleting user with email EmailRequest[email=kilogodk@mail.ru]
2024-09-10 00:48:53 INFO  com.tinkoff_lab.dao.UserDAO - Start finding entity with id kilogodk@mail.ru
2024-09-10 00:48:53 INFO  com.tinkoff_lab.dao.UserDAO - Finding of entity with id kilogodk@mail.ru ended successfully
2024-09-10 00:48:53 WARN  c.t.s.weather.WeatherServiceImpl - Deleting user with email kilogodk@mail.ru went wrong: user not found
2024-09-10 00:49:04 INFO  c.t.s.weather.WeatherServiceImpl - Start deleting user with email EmailRequest[email=kilogodd@mail.ru]
2024-09-10 00:49:04 INFO  com.tinkoff_lab.dao.UserDAO - Start finding entity with id kilogodd@mail.ru
2024-09-10 00:49:04 INFO  com.tinkoff_lab.dao.UserDAO - Finding of entity with id kilogodd@mail.ru ended successfully
2024-09-10 00:49:04 INFO  com.tinkoff_lab.dao.UserCityDAO - Start removing UserCity where User: com.tinkoff_lab.entity.User@a8dd7b25, City: com.tinkoff_lab.entity.City@ff21bcf0
2024-09-10 00:49:04 INFO  com.tinkoff_lab.dao.UserCityDAO - Removing UserCity where User: com.tinkoff_lab.entity.User@a8dd7b25, City: com.tinkoff_lab.entity.City@ff21bcf0 ended successfully
2024-09-10 00:49:04 INFO  com.tinkoff_lab.dao.UserCityDAO - Start removing UserCity where User: com.tinkoff_lab.entity.User@a8dd7b25, City: com.tinkoff_lab.entity.City@a50b17b9
2024-09-10 00:49:04 INFO  com.tinkoff_lab.dao.UserCityDAO - Removing UserCity where User: com.tinkoff_lab.entity.User@a8dd7b25, City: com.tinkoff_lab.entity.City@a50b17b9 ended successfully
2024-09-10 00:49:04 INFO  com.tinkoff_lab.dao.UserDAO - Start removing entity with id kilogodd@mail.ru
2024-09-10 00:49:04 INFO  com.tinkoff_lab.dao.UserDAO - Removing entity with id kilogodd@mail.ru ended successfully
2024-09-10 00:49:04 INFO  c.t.s.weather.WeatherServiceImpl - Deleting user with email kilogodd@mail.ru ended successfully
2024-09-10 00:49:10 INFO  c.t.s.weather.WeatherServiceImpl - Start deleting user with email EmailRequest[email=kilogodiik@mail.ru]
2024-09-10 00:49:10 INFO  com.tinkoff_lab.dao.UserDAO - Start finding entity with id kilogodiik@mail.ru
2024-09-10 00:49:10 INFO  com.tinkoff_lab.dao.UserDAO - Finding of entity with id kilogodiik@mail.ru ended successfully
2024-09-10 00:49:10 INFO  com.tinkoff_lab.dao.UserCityDAO - Start removing UserCity where User: com.tinkoff_lab.entity.User@8d6f9fa2, City: com.tinkoff_lab.entity.City@ff21bcf0
2024-09-10 00:49:10 INFO  com.tinkoff_lab.dao.UserCityDAO - Removing UserCity where User: com.tinkoff_lab.entity.User@8d6f9fa2, City: com.tinkoff_lab.entity.City@ff21bcf0 ended successfully
2024-09-10 00:49:10 INFO  com.tinkoff_lab.dao.UserCityDAO - Start removing UserCity where User: com.tinkoff_lab.entity.User@8d6f9fa2, City: com.tinkoff_lab.entity.City@a50b17b9
2024-09-10 00:49:10 INFO  com.tinkoff_lab.dao.UserCityDAO - Removing UserCity where User: com.tinkoff_lab.entity.User@8d6f9fa2, City: com.tinkoff_lab.entity.City@a50b17b9 ended successfully
2024-09-10 00:49:10 INFO  com.tinkoff_lab.dao.UserDAO - Start removing entity with id kilogodiik@mail.ru
2024-09-10 00:49:10 INFO  com.tinkoff_lab.dao.UserDAO - Removing entity with id kilogodiik@mail.ru ended successfully
2024-09-10 00:49:10 INFO  c.t.s.weather.WeatherServiceImpl - Deleting user with email kilogodiik@mail.ru ended successfully
2024-09-10 00:49:14 INFO  c.t.s.weather.WeatherServiceImpl - Start deleting user with email EmailRequest[email=kilogodik@mail.ru]
2024-09-10 00:49:14 INFO  com.tinkoff_lab.dao.UserDAO - Start finding entity with id kilogodik@mail.ru
2024-09-10 00:49:14 INFO  com.tinkoff_lab.dao.UserDAO - Finding of entity with id kilogodik@mail.ru ended successfully
2024-09-10 00:49:14 INFO  com.tinkoff_lab.dao.UserCityDAO - Start removing UserCity where User: com.tinkoff_lab.entity.User@d0d5e841, City: com.tinkoff_lab.entity.City@ff21bcf0
2024-09-10 00:49:14 INFO  com.tinkoff_lab.dao.UserCityDAO - Removing UserCity where User: com.tinkoff_lab.entity.User@d0d5e841, City: com.tinkoff_lab.entity.City@ff21bcf0 ended successfully
2024-09-10 00:49:14 INFO  com.tinkoff_lab.dao.UserCityDAO - Start removing UserCity where User: com.tinkoff_lab.entity.User@d0d5e841, City: com.tinkoff_lab.entity.City@a50b17b9
2024-09-10 00:49:14 INFO  com.tinkoff_lab.dao.UserCityDAO - Removing UserCity where User: com.tinkoff_lab.entity.User@d0d5e841, City: com.tinkoff_lab.entity.City@a50b17b9 ended successfully
2024-09-10 00:49:14 INFO  com.tinkoff_lab.dao.UserDAO - Start removing entity with id kilogodik@mail.ru
2024-09-10 00:49:14 INFO  com.tinkoff_lab.dao.UserDAO - Removing entity with id kilogodik@mail.ru ended successfully
2024-09-10 00:49:14 INFO  c.t.s.weather.WeatherServiceImpl - Deleting user with email kilogodik@mail.ru ended successfully
2024-09-10 00:49:38 INFO  c.t.s.weather.WeatherServiceImpl - Start deleting user with email EmailRequest[email=ektokot@mail.ru]
2024-09-10 00:49:38 INFO  com.tinkoff_lab.dao.UserDAO - Start finding entity with id ektokot@mail.ru
2024-09-10 00:49:38 INFO  com.tinkoff_lab.dao.UserDAO - Finding of entity with id ektokot@mail.ru ended successfully
2024-09-10 00:49:38 INFO  com.tinkoff_lab.dao.UserCityDAO - Start removing UserCity where User: com.tinkoff_lab.entity.User@fe9b6687, City: com.tinkoff_lab.entity.City@ff21bcf0
2024-09-10 00:49:38 INFO  com.tinkoff_lab.dao.UserCityDAO - Removing UserCity where User: com.tinkoff_lab.entity.User@fe9b6687, City: com.tinkoff_lab.entity.City@ff21bcf0 ended successfully
2024-09-10 00:49:38 INFO  com.tinkoff_lab.dao.UserDAO - Start removing entity with id ektokot@mail.ru
2024-09-10 00:49:38 INFO  com.tinkoff_lab.dao.UserDAO - Removing entity with id ektokot@mail.ru ended successfully
2024-09-10 00:49:38 INFO  c.t.s.weather.WeatherServiceImpl - Deleting user with email ektokot@mail.ru ended successfully
2024-09-10 00:49:42 INFO  c.t.s.weather.WeatherServiceImpl - Start deleting user with email EmailRequest[email=ektokt@mail.ru]
2024-09-10 00:49:42 INFO  com.tinkoff_lab.dao.UserDAO - Start finding entity with id ektokt@mail.ru
2024-09-10 00:49:42 INFO  com.tinkoff_lab.dao.UserDAO - Finding of entity with id ektokt@mail.ru ended successfully
2024-09-10 00:49:42 INFO  com.tinkoff_lab.dao.UserDAO - Start removing entity with id ektokt@mail.ru
2024-09-10 00:49:42 INFO  com.tinkoff_lab.dao.UserDAO - Removing entity with id ektokt@mail.ru ended successfully
2024-09-10 00:49:42 INFO  c.t.s.weather.WeatherServiceImpl - Deleting user with email ektokt@mail.ru ended successfully
2024-09-10 00:49:53 INFO  c.t.s.weather.WeatherServiceImpl - Start deleting user with email EmailRequest[email=ekkk@mail.ru]
2024-09-10 00:49:53 INFO  com.tinkoff_lab.dao.UserDAO - Start finding entity with id ekkk@mail.ru
2024-09-10 00:49:53 INFO  com.tinkoff_lab.dao.UserDAO - Finding of entity with id ekkk@mail.ru ended successfully
2024-09-10 00:49:53 INFO  com.tinkoff_lab.dao.UserCityDAO - Start removing UserCity where User: com.tinkoff_lab.entity.User@85f08c34, City: com.tinkoff_lab.entity.City@ff21bcf0
2024-09-10 00:49:53 INFO  com.tinkoff_lab.dao.UserCityDAO - Removing UserCity where User: com.tinkoff_lab.entity.User@85f08c34, City: com.tinkoff_lab.entity.City@ff21bcf0 ended successfully
2024-09-10 00:49:53 INFO  com.tinkoff_lab.dao.UserDAO - Start removing entity with id ekkk@mail.ru
2024-09-10 00:49:53 INFO  com.tinkoff_lab.dao.UserDAO - Removing entity with id ekkk@mail.ru ended successfully
2024-09-10 00:49:53 INFO  c.t.s.weather.WeatherServiceImpl - Deleting user with email ekkk@mail.ru ended successfully
2024-09-10 00:49:57 INFO  c.t.s.weather.WeatherServiceImpl - Start deleting user with email EmailRequest[email=ekdk@mail.ru]
2024-09-10 00:49:57 INFO  com.tinkoff_lab.dao.UserDAO - Start finding entity with id ekdk@mail.ru
2024-09-10 00:49:57 INFO  com.tinkoff_lab.dao.UserDAO - Finding of entity with id ekdk@mail.ru ended successfully
2024-09-10 00:49:57 INFO  com.tinkoff_lab.dao.UserDAO - Start removing entity with id ekdk@mail.ru
2024-09-10 00:49:57 INFO  com.tinkoff_lab.dao.UserDAO - Removing entity with id ekdk@mail.ru ended successfully
2024-09-10 00:49:57 INFO  c.t.s.weather.WeatherServiceImpl - Deleting user with email ekdk@mail.ru ended successfully
2024-09-10 00:50:27 INFO  c.t.s.weather.WeatherServiceImpl - Start deleting user with email EmailRequest[email=eok@mail.ru]
2024-09-10 00:50:27 INFO  com.tinkoff_lab.dao.UserDAO - Start finding entity with id eok@mail.ru
2024-09-10 00:50:27 INFO  com.tinkoff_lab.dao.UserDAO - Finding of entity with id eok@mail.ru ended successfully
2024-09-10 00:50:27 INFO  com.tinkoff_lab.dao.UserCityDAO - Start removing UserCity where User: com.tinkoff_lab.entity.User@bd453f8d, City: com.tinkoff_lab.entity.City@ff21bcf0
2024-09-10 00:50:27 INFO  com.tinkoff_lab.dao.UserCityDAO - Removing UserCity where User: com.tinkoff_lab.entity.User@bd453f8d, City: com.tinkoff_lab.entity.City@ff21bcf0 ended successfully
2024-09-10 00:50:27 INFO  com.tinkoff_lab.dao.UserCityDAO - Start removing UserCity where User: com.tinkoff_lab.entity.User@bd453f8d, City: com.tinkoff_lab.entity.City@a50b17b9
2024-09-10 00:50:27 INFO  com.tinkoff_lab.dao.UserCityDAO - Removing UserCity where User: com.tinkoff_lab.entity.User@bd453f8d, City: com.tinkoff_lab.entity.City@a50b17b9 ended successfully
2024-09-10 00:50:27 INFO  com.tinkoff_lab.dao.UserDAO - Start removing entity with id eok@mail.ru
2024-09-10 00:50:27 INFO  com.tinkoff_lab.dao.UserDAO - Removing entity with id eok@mail.ru ended successfully
2024-09-10 00:50:27 INFO  c.t.s.weather.WeatherServiceImpl - Deleting user with email eok@mail.ru ended successfully
2024-09-10 00:50:40 INFO  c.t.s.weather.WeatherServiceImpl - Start deleting user with email EmailRequest[email=ekddrlkjhgrk@mail.ru]
2024-09-10 00:50:40 INFO  com.tinkoff_lab.dao.UserDAO - Start finding entity with id ekddrlkjhgrk@mail.ru
2024-09-10 00:50:40 INFO  com.tinkoff_lab.dao.UserDAO - Finding of entity with id ekddrlkjhgrk@mail.ru ended successfully
2024-09-10 00:50:40 INFO  com.tinkoff_lab.dao.UserCityDAO - Start removing UserCity where User: com.tinkoff_lab.entity.User@564a077f, City: com.tinkoff_lab.entity.City@ff21bcf0
2024-09-10 00:50:40 INFO  com.tinkoff_lab.dao.UserCityDAO - Removing UserCity where User: com.tinkoff_lab.entity.User@564a077f, City: com.tinkoff_lab.entity.City@ff21bcf0 ended successfully
2024-09-10 00:50:40 INFO  com.tinkoff_lab.dao.UserCityDAO - Start removing UserCity where User: com.tinkoff_lab.entity.User@564a077f, City: com.tinkoff_lab.entity.City@a50b17b9
2024-09-10 00:50:40 INFO  com.tinkoff_lab.dao.UserCityDAO - Removing UserCity where User: com.tinkoff_lab.entity.User@564a077f, City: com.tinkoff_lab.entity.City@a50b17b9 ended successfully
2024-09-10 00:50:40 INFO  com.tinkoff_lab.dao.UserDAO - Start removing entity with id ekddrlkjhgrk@mail.ru
2024-09-10 00:50:40 INFO  com.tinkoff_lab.dao.UserDAO - Removing entity with id ekddrlkjhgrk@mail.ru ended successfully
2024-09-10 00:50:40 INFO  c.t.s.weather.WeatherServiceImpl - Deleting user with email ekddrlkjhgrk@mail.ru ended successfully
2024-09-10 00:51:04 INFO  c.t.s.weather.WeatherServiceImpl - Start deleting user with email EmailRequest[email=ekddrrk@mail.ru]
2024-09-10 00:51:04 INFO  com.tinkoff_lab.dao.UserDAO - Start finding entity with id ekddrrk@mail.ru
2024-09-10 00:51:04 INFO  com.tinkoff_lab.dao.UserDAO - Finding of entity with id ekddrrk@mail.ru ended successfully
2024-09-10 00:51:04 INFO  com.tinkoff_lab.dao.UserCityDAO - Start removing UserCity where User: com.tinkoff_lab.entity.User@8be085b9, City: com.tinkoff_lab.entity.City@ff21bcf0
2024-09-10 00:51:04 INFO  com.tinkoff_lab.dao.UserCityDAO - Removing UserCity where User: com.tinkoff_lab.entity.User@8be085b9, City: com.tinkoff_lab.entity.City@ff21bcf0 ended successfully
2024-09-10 00:51:04 INFO  com.tinkoff_lab.dao.UserCityDAO - Start removing UserCity where User: com.tinkoff_lab.entity.User@8be085b9, City: com.tinkoff_lab.entity.City@a50b17b9
2024-09-10 00:51:04 INFO  com.tinkoff_lab.dao.UserCityDAO - Removing UserCity where User: com.tinkoff_lab.entity.User@8be085b9, City: com.tinkoff_lab.entity.City@a50b17b9 ended successfully
2024-09-10 00:51:04 INFO  com.tinkoff_lab.dao.UserDAO - Start removing entity with id ekddrrk@mail.ru
2024-09-10 00:51:04 INFO  com.tinkoff_lab.dao.UserDAO - Removing entity with id ekddrrk@mail.ru ended successfully
2024-09-10 00:51:04 INFO  c.t.s.weather.WeatherServiceImpl - Deleting user with email ekddrrk@mail.ru ended successfully
2024-09-10 00:51:22 INFO  c.tinkoff_lab.TinkoffLabApplication - Application has terminated working

2024-09-10 00:52:30 INFO  c.tinkoff_lab.TinkoffLabApplication - Application has started working
2024-09-10 00:52:31 INFO  c.tinkoff_lab.TinkoffLabApplication - Starting TinkoffLabApplication using Java 21.0.1 with PID 23264 (C:\Users\Nikita\IdeaProjects\pet-project\target\classes started by Nikita in C:\Users\Nikita\IdeaProjects\pet-project)
2024-09-10 00:52:31 INFO  c.tinkoff_lab.TinkoffLabApplication - No active profile set, falling back to 1 default profile: "default"
2024-09-10 00:52:38 INFO  c.tinkoff_lab.TinkoffLabApplication - Started TinkoffLabApplication in 7.116 seconds (process running for 8.082)
2024-09-10 00:52:38 INFO  c.t.service.NotificationService - Start notifying all subscribers
2024-09-10 00:52:38 INFO  com.tinkoff_lab.dao.CityDAO - Start finding all entities
2024-09-10 00:52:38 ERROR com.tinkoff_lab.dao.CityDAO - Something went wrong with finding all entities
2024-09-10 00:53:07 INFO  c.tinkoff_lab.TinkoffLabApplication - Application has terminated working

2024-09-10 00:53:11 INFO  c.tinkoff_lab.TinkoffLabApplication - Application has started working
2024-09-10 00:53:11 INFO  c.tinkoff_lab.TinkoffLabApplication - Starting TinkoffLabApplication using Java 21.0.1 with PID 16796 (C:\Users\Nikita\IdeaProjects\pet-project\target\classes started by Nikita in C:\Users\Nikita\IdeaProjects\pet-project)
2024-09-10 00:53:11 INFO  c.tinkoff_lab.TinkoffLabApplication - No active profile set, falling back to 1 default profile: "default"
2024-09-10 00:53:18 INFO  c.tinkoff_lab.TinkoffLabApplication - Started TinkoffLabApplication in 7.597 seconds (process running for 8.908)
2024-09-10 00:53:18 INFO  c.tinkoff_lab.TinkoffLabApplication - Application has terminated working

2024-09-10 00:53:18 INFO  c.t.service.NotificationService - Start notifying all subscribers
2024-09-10 00:53:18 INFO  com.tinkoff_lab.dao.CityDAO - Start finding all entities
2024-09-10 00:53:18 ERROR com.tinkoff_lab.dao.CityDAO - Something went wrong with finding all entities
2024-09-10 00:53:25 INFO  c.tinkoff_lab.TinkoffLabApplication - Application has started working
2024-09-10 00:53:25 INFO  c.tinkoff_lab.TinkoffLabApplication - Starting TinkoffLabApplication using Java 21.0.1 with PID 16756 (C:\Users\Nikita\IdeaProjects\pet-project\target\classes started by Nikita in C:\Users\Nikita\IdeaProjects\pet-project)
2024-09-10 00:53:25 INFO  c.tinkoff_lab.TinkoffLabApplication - No active profile set, falling back to 1 default profile: "default"
2024-09-10 00:53:32 INFO  c.tinkoff_lab.TinkoffLabApplication - Started TinkoffLabApplication in 6.866 seconds (process running for 7.882)
2024-09-10 00:53:35 INFO  c.t.service.NotificationService - Start notifying all subscribers
2024-09-10 00:53:46 INFO  com.tinkoff_lab.dao.CityDAO - Start finding all entities
2024-09-10 00:53:46 ERROR com.tinkoff_lab.dao.CityDAO - Something went wrong with finding all entities
2024-09-10 00:53:46 INFO  c.tinkoff_lab.TinkoffLabApplication - Application has terminated working

2024-09-10 00:53:53 INFO  c.tinkoff_lab.TinkoffLabApplication - Application has started working
2024-09-10 00:53:54 INFO  c.tinkoff_lab.TinkoffLabApplication - Starting TinkoffLabApplication using Java 21.0.1 with PID 3880 (C:\Users\Nikita\IdeaProjects\pet-project\target\classes started by Nikita in C:\Users\Nikita\IdeaProjects\pet-project)
2024-09-10 00:53:54 INFO  c.tinkoff_lab.TinkoffLabApplication - No active profile set, falling back to 1 default profile: "default"
2024-09-10 00:54:00 INFO  c.tinkoff_lab.TinkoffLabApplication - Started TinkoffLabApplication in 6.478 seconds (process running for 7.517)
2024-09-10 00:54:02 INFO  c.t.service.NotificationService - Start notifying all subscribers
2024-09-10 00:54:12 INFO  com.tinkoff_lab.dao.CityDAO - Start finding all entities
2024-09-10 00:54:12 INFO  com.tinkoff_lab.dao.CityDAO - Finding ended successfully
2024-09-10 00:54:14 INFO  c.t.service.NotificationService - Handling city com.tinkoff_lab.entity.City@d778666d
2024-09-10 00:54:15 INFO  c.t.service.CurrentWeatherService - Start getting current weather for city com.tinkoff_lab.entity.City@d778666d
2024-09-10 00:54:16 INFO  c.t.service.CurrentWeatherService - Response from Weather API received
2024-09-10 00:54:16 INFO  c.t.service.CurrentWeatherService - Start parsing Weather API response
2024-09-10 00:54:16 INFO  c.t.service.CurrentWeatherService - Parsing ended successfully
2024-09-10 00:54:18 INFO  c.t.service.NotificationService - Handling city com.tinkoff_lab.entity.City@d2f87f10
2024-09-10 00:54:18 INFO  c.t.service.CurrentWeatherService - Start getting current weather for city com.tinkoff_lab.entity.City@d2f87f10
2024-09-10 00:54:18 INFO  c.t.service.CurrentWeatherService - Response from Weather API received
2024-09-10 00:54:18 INFO  c.t.service.CurrentWeatherService - Start parsing Weather API response
2024-09-10 00:54:18 INFO  c.t.service.CurrentWeatherService - Parsing ended successfully
2024-09-10 00:54:19 INFO  c.t.service.EmailSenderService - Start sending message on email ektogod@gmail.com
2024-09-10 00:54:23 INFO  c.t.service.EmailSenderService - Message was sent successfully on email ektogod@gmail.com
2024-09-10 00:54:44 INFO  c.t.service.NotificationService - Handling city com.tinkoff_lab.entity.City@ff21bcf0
2024-09-10 00:54:44 INFO  c.t.service.CurrentWeatherService - Start getting current weather for city com.tinkoff_lab.entity.City@ff21bcf0
2024-09-10 00:54:44 INFO  c.tinkoff_lab.TinkoffLabApplication - Application has terminated working

2024-09-10 00:54:44 INFO  c.t.service.CurrentWeatherService - Response from Weather API received
2024-09-10 00:54:44 INFO  c.t.service.CurrentWeatherService - Start parsing Weather API response
2024-09-10 00:54:44 INFO  c.t.service.CurrentWeatherService - Parsing ended successfully
2024-09-10 00:54:44 INFO  c.t.service.EmailSenderService - Start sending message on email ektogod@gmail.com
2024-09-10 00:54:46 INFO  c.t.service.EmailSenderService - Message was sent successfully on email ektogod@gmail.com
2024-09-10 00:54:46 INFO  c.t.service.NotificationService - Handling city com.tinkoff_lab.entity.City@a50b17b9
2024-09-10 00:54:46 INFO  c.t.service.CurrentWeatherService - Start getting current weather for city com.tinkoff_lab.entity.City@a50b17b9
2024-09-10 00:54:46 INFO  c.t.service.CurrentWeatherService - Response from Weather API received
2024-09-10 00:54:46 INFO  c.t.service.CurrentWeatherService - Start parsing Weather API response
2024-09-10 00:54:46 INFO  c.t.service.CurrentWeatherService - Parsing ended successfully
2024-09-10 00:54:46 INFO  c.t.service.NotificationService - All users were notified
